<?xml version="1.0" encoding="utf-8"?><testsuites name="pytest tests"><testsuite name="pytest" errors="0" failures="0" skipped="0" tests="12" time="27.949" timestamp="2026-08-29T07:23:45.727311+00:00" hostname="agent-env-bb4f0141-683f-487f-ad85-f9fa109e5e16"><testcase classname="tests.test_vegetable_scan_iteration9" name="test_scan_requires_auth" time="0.363" /><testcase classname="tests.test_gemini_iteration8" name="test_chat_returns_hindi_with_gemini_model" time="6.858" /><testcase classname="tests.test_vegetable_scan_iteration9" name="test_scan_rejects_invalid_base64" time="0.320" /><testcase classname="tests.test_vegetable_scan_iteration9" name="test_scan_rejects_unsupported_data_uri_mime" time="0.052" /><testcase classname="tests.test_vegetable_scan_iteration9" name="test_scan_karela_with_hint_returns_expected_fields" time="5.823" /><testcase classname="tests.test_vegetable_scan_iteration9" name="test_scan_karela_without_hint_still_returns_conservative_output" time="8.265" /><testcase classname="tests.test_gemini_iteration8" name="test_chat_returns_english_with_gemini_model" time="4.520" /><testcase classname="tests.test_gemini_iteration8" name="test_scan_real_image_returns_expected_fields_and_gemini_model" time="4.049" /><testcase classname="tests.test_vegetable_scan_iteration9" name="test_scan_history_contains_new_fields" time="0.402" /><testcase classname="tests.test_gemini_iteration8" name="test_scan_history_persists_model_used_for_new_scan" time="5.022" /><testcase classname="tests.test_gemini_iteration8" name="test_ai_text_falls_back_to_gpt_when_primary_fails" time="1.594" /><testcase classname="tests.test_gemini_iteration8" name="test_voice_chat_response_contains_model_used" time="5.306" /></testsuite></testsuites>