<?xml version="1.0" encoding="utf-8"?><testsuites name="pytest tests"><testsuite name="pytest" errors="0" failures="0" skipped="0" tests="18" time="25.972" timestamp="2026-08-29T06:34:52.142692+00:00" hostname="agent-env-83239a56-75c5-4370-8b6b-83e0639a69f9"><testcase classname="tests.test_voice_chat.TestAuthRegression" name="test_login_success" time="0.421" /><testcase classname="tests.test_voice_chat.TestAuthRegression" name="test_me" time="0.331" /><testcase classname="tests.test_voice_chat.TestVoiceChat" name="test_missing_token_returns_401" time="0.059" /><testcase classname="tests.test_voice_chat.TestVoiceChat" name="test_unsupported_content_type_returns_415" time="0.056" /><testcase classname="tests.test_voice_chat.TestVoiceChat" name="test_empty_body_returns_400" time="0.046" /><testcase classname="tests.test_voice_chat.TestVoiceChat" name="test_oversized_returns_413" time="11.854" /><testcase classname="tests.test_voice_chat.TestVoiceChat" name="test_voice_chat_success" time="8.618" /><testcase classname="tests.test_voice_chat.TestTTS" name="test_tts_requires_auth" time="0.081" /><testcase classname="tests.test_voice_chat.TestTTS" name="test_tts_empty_text_422" time="0.065" /><testcase classname="tests.test_voice_chat.TestTTS" name="test_tts_success_and_cache" time="1.045" /><testcase classname="tests.test_voice_chat.TestTTS" name="test_tts_hindi" time="1.261" /><testcase classname="tests.test_voice_chat.TestChatMessagesPersistence" name="test_voice_messages_persisted" time="0.007" /><testcase classname="tests.test_voice_chat.TestRegression" name="test_chat_still_works" time="0.792" /><testcase classname="tests.test_voice_chat.TestRegression" name="test_scan_history_get" time="0.078" /><testcase classname="tests.test_voice_chat.TestRegression" name="test_weather" time="0.826" /><testcase classname="tests.test_voice_chat.TestRegression" name="test_mandi" time="0.123" /><testcase classname="tests.test_voice_chat.TestRegression" name="test_profile_patch" time="0.105" /><testcase classname="tests.test_voice_chat.TestRegression" name="test_scan_endpoint_unchanged_signature" time="0.085" /></testsuite></testsuites>