<?xml version="1.0" encoding="utf-8"?><testsuites name="pytest tests"><testsuite name="pytest" errors="0" failures="0" skipped="0" tests="6" time="33.368" timestamp="2026-08-29T07:11:50.456373+00:00" hostname="agent-env-bb4f0141-683f-487f-ad85-f9fa109e5e16"><testcase classname="tests.test_gemini_iteration8" name="test_chat_returns_hindi_with_gemini_model" time="6.516" /><testcase classname="tests.test_gemini_iteration8" name="test_chat_returns_english_with_gemini_model" time="4.121" /><testcase classname="tests.test_gemini_iteration8" name="test_scan_real_image_returns_expected_fields_and_gemini_model" time="6.015" /><testcase classname="tests.test_gemini_iteration8" name="test_scan_history_persists_model_used_for_new_scan" time="6.950" /><testcase classname="tests.test_gemini_iteration8" name="test_ai_text_falls_back_to_gpt_when_primary_fails" time="1.589" /><testcase classname="tests.test_gemini_iteration8" name="test_voice_chat_response_contains_model_used" time="7.571" /></testsuite></testsuites>