<?xml version="1.0" encoding="utf-8"?><testsuites name="pytest tests"><testsuite name="pytest" errors="0" failures="0" skipped="0" tests="10" time="3.021" timestamp="2026-08-29T06:21:16.300591+00:00" hostname="agent-env-83239a56-75c5-4370-8b6b-83e0639a69f9"><testcase classname="tests.test_weather_mandi" name="test_weather_requires_auth" time="0.317" /><testcase classname="tests.test_weather_mandi" name="test_mandi_requires_auth" time="0.128" /><testcase classname="tests.test_weather_mandi" name="test_weather_returns_valid_response" time="1.111" /><testcase classname="tests.test_weather_mandi" name="test_weather_uses_default_ludhiana_for_qa_pincode" time="0.103" /><testcase classname="tests.test_weather_mandi" name="test_weather_cached_second_call_fast" time="0.247" /><testcase classname="tests.test_weather_mandi" name="test_mandi_returns_msp_fallback" time="0.126" /><testcase classname="tests.test_weather_mandi" name="test_auth_login_still_works" time="0.317" /><testcase classname="tests.test_weather_mandi" name="test_auth_me_still_works" time="0.104" /><testcase classname="tests.test_weather_mandi" name="test_scan_history_get_still_works" time="0.126" /><testcase classname="tests.test_weather_mandi" name="test_profile_patch_still_works" time="0.128" /></testsuite></testsuites>