<?xml version="1.0" encoding="utf-8"?><testsuites name="pytest tests"><testsuite name="pytest" errors="0" failures="0" skipped="0" tests="11" time="7.434" timestamp="2026-08-29T06:00:06.584164+00:00" hostname="agent-env-83239a56-75c5-4370-8b6b-83e0639a69f9"><testcase classname="tests.test_iteration2" name="test_auth_profile_preferences_logout_contract" time="0.747" /><testcase classname="tests.test_scan_history" name="test_history_requires_auth" time="0.479" /><testcase classname="tests.test_scan_history" name="test_delete_requires_auth" time="0.181" /><testcase classname="tests.test_iteration2" name="test_unauthenticated_ai_is_rejected" time="0.306" /><testcase classname="tests.test_scan_history" name="test_scan_persists_and_returns_scan_id" time="4.822" /><testcase classname="tests.test_scan_history" name="test_history_list_returns_new_scan_first" time="0.166" /><testcase classname="tests.test_scan_history" name="test_delete_soft_deletes" time="0.245" /><testcase classname="tests.test_scan_history" name="test_delete_missing_returns_404" time="0.126" /><testcase classname="tests.test_scan_history" name="test_delete_already_deleted_returns_404" time="0.105" /><testcase classname="tests.test_scan_history" name="test_delete_other_users_scan_returns_404" time="0.584" /><testcase classname="tests.test_scan_history" name="test_scan_history_compound_index_exists" time="0.001" /></testsuite></testsuites>