<?xml version="1.0" encoding="utf-8"?><testsuites name="pytest tests"><testsuite name="pytest" errors="0" failures="0" skipped="0" tests="6" time="2.038" timestamp="2026-08-29T06:58:03.636909+00:00" hostname="agent-env-bb4f0141-683f-487f-ad85-f9fa109e5e16"><testcase classname="tests.test_location_weather_mandi_iteration7" name="test_profile_location_requires_auth" time="0.152" /><testcase classname="tests.test_location_weather_mandi_iteration7" name="test_profile_location_rejects_out_of_range_coordinates" time="0.312" /><testcase classname="tests.test_location_weather_mandi_iteration7" name="test_profile_location_reverse_geocodes_and_persists" time="0.307" /><testcase classname="tests.test_location_weather_mandi_iteration7" name="test_weather_uses_saved_gps_and_returns_three_day_forecast" time="0.711" /><testcase classname="tests.test_location_weather_mandi_iteration7" name="test_mandi_uses_gps_state_and_items_shape_stays_valid" time="0.173" /><testcase classname="tests.test_location_weather_mandi_iteration7" name="test_login_and_me_regression" time="0.044" /></testsuite></testsuites>